<?xml version="1.0" encoding="UTF-8"?>
<!-- Generated by org.testng.reporters.JUnitXMLReporter -->
<testsuite hostname="Karthik-PC" ignored="0" name="Command line test" tests="1" failures="1" timestamp="2021-03-25T16:31:25 IST" time="15.798" errors="0">
  <testcase name="logintest" time="2.834" classname="com.qa.shoClues.testcases.LoginTestCase">
    <failure type="java.lang.NoSuchMethodError" message="org.apache.xmlbeans.XmlOptions.setUseDefaultNamespace(Z)Lorg/apache/xmlbeans/XmlOptions;">
      <![CDATA[java.lang.NoSuchMethodError: org.apache.xmlbeans.XmlOptions.setUseDefaultNamespace(Z)Lorg/apache/xmlbeans/XmlOptions;
at org.apache.poi.xssf.model.SharedStringsTable.<clinit>(SharedStringsTable.java:96)
at org.apache.poi.ooxml.POIXMLFactory.createDocumentPart(POIXMLFactory.java:61)
at org.apache.poi.ooxml.POIXMLDocumentPart.read(POIXMLDocumentPart.java:660)
at org.apache.poi.ooxml.POIXMLDocument.load(POIXMLDocument.java:165)
at org.apache.poi.xssf.usermodel.XSSFWorkbook.<init>(XSSFWorkbook.java:278)
at org.apache.poi.xssf.usermodel.XSSFWorkbook.<init>(XSSFWorkbook.java:299)
at com.qa.shopClues.pages.LoginPage.testLoginModule(LoginPage.java:38)
at com.qa.shoClues.testcases.LoginTestCase.logintest(LoginTestCase.java:28)
at java.util.ArrayList.forEach(ArrayList.java:1257)
... Removed 37 stack frames]]>
    </failure>
  </testcase> <!-- logintest -->
</testsuite> <!-- Command line test -->
