<?xml version="1.0" encoding="UTF-8"?>
<testng-results skipped="0" failed="0" ignored="0" total="2" passed="2">
  <reporter-output>
    <line>
      <![CDATA[Title of the Product Nike Shoe is : ]]>
    </line>
    <line>
      <![CDATA[Price of the Product Nike Shoe is : ]]>
    </line>
    <line>
      <![CDATA[Count of result : ]]>
    </line>
    <line>
      <![CDATA[Title of the Product Fast Track title is : Fastrack Quartz White Round Men Watch 3124SM01]]>
    </line>
    <line>
      <![CDATA[Price of the Product Fast Track price is : Rs.603]]>
    </line>
    <line>
      <![CDATA[Count of result : 4]]>
    </line>
    <line>
      <![CDATA[Title of the Apple Phone is : Apple iPhone 11 Pro Max 256GB 4GB RAM Smartphone Gold]]>
    </line>
    <line>
      <![CDATA[Price of the Product Apple Phone price is : Rs.113328]]>
    </line>
    <line>
      <![CDATA[Count of result : 2  Items Left!]]>
    </line>
    <line>
      <![CDATA[Showing 10669 Results]]>
    </line>
  </reporter-output>
  <suite name="Default suite" duration-ms="53838" started-at="2021-03-26T02:16:35 IST" finished-at="2021-03-26T02:17:28 IST">
    <groups>
    </groups>
    <test name="Default test" duration-ms="53838" started-at="2021-03-26T02:16:35 IST" finished-at="2021-03-26T02:17:28 IST">
      <class name="com.qa.shoClues.testcases.LoginTestCase">
        <test-method status="PASS" signature="initshopClues()[pri:0, instance:com.qa.shoClues.testcases.LoginTestCase@670b40af]" name="initshopClues" is-config="true" duration-ms="9420" started-at="2021-03-26T02:16:35 IST" finished-at="2021-03-26T02:16:44 IST">
          <reporter-output>
          </reporter-output>
        </test-method> <!-- initshopClues -->
        <test-method status="PASS" signature="logintest()[pri:1, instance:com.qa.shoClues.testcases.LoginTestCase@670b40af]" name="logintest" duration-ms="6873" started-at="2021-03-26T02:16:44 IST" finished-at="2021-03-26T02:16:51 IST">
          <reporter-output>
          </reporter-output>
        </test-method> <!-- logintest -->
        <test-method status="PASS" signature="tear()[pri:0, instance:com.qa.shoClues.testcases.LoginTestCase@670b40af]" name="tear" is-config="true" duration-ms="680" started-at="2021-03-26T02:16:51 IST" finished-at="2021-03-26T02:16:52 IST">
          <reporter-output>
          </reporter-output>
        </test-method> <!-- tear -->
        <test-method status="PASS" signature="initshopClues()[pri:0, instance:com.qa.shoClues.testcases.LoginTestCase@670b40af]" name="initshopClues" is-config="true" duration-ms="11380" started-at="2021-03-26T02:16:52 IST" finished-at="2021-03-26T02:17:03 IST">
          <reporter-output>
          </reporter-output>
        </test-method> <!-- initshopClues -->
        <test-method status="PASS" signature="otherModule()[pri:2, instance:com.qa.shoClues.testcases.LoginTestCase@670b40af]" name="otherModule" duration-ms="24622" started-at="2021-03-26T02:17:03 IST" finished-at="2021-03-26T02:17:28 IST">
          <reporter-output>
            <line>
              <![CDATA[Title of the Product Nike Shoe is : ]]>
            </line>
            <line>
              <![CDATA[Price of the Product Nike Shoe is : ]]>
            </line>
            <line>
              <![CDATA[Count of result : ]]>
            </line>
            <line>
              <![CDATA[Title of the Product Fast Track title is : Fastrack Quartz White Round Men Watch 3124SM01]]>
            </line>
            <line>
              <![CDATA[Price of the Product Fast Track price is : Rs.603]]>
            </line>
            <line>
              <![CDATA[Count of result : 4]]>
            </line>
            <line>
              <![CDATA[Title of the Apple Phone is : Apple iPhone 11 Pro Max 256GB 4GB RAM Smartphone Gold]]>
            </line>
            <line>
              <![CDATA[Price of the Product Apple Phone price is : Rs.113328]]>
            </line>
            <line>
              <![CDATA[Count of result : 2  Items Left!]]>
            </line>
            <line>
              <![CDATA[Showing 10669 Results]]>
            </line>
          </reporter-output>
        </test-method> <!-- otherModule -->
        <test-method status="PASS" signature="tear()[pri:0, instance:com.qa.shoClues.testcases.LoginTestCase@670b40af]" name="tear" is-config="true" duration-ms="797" started-at="2021-03-26T02:17:28 IST" finished-at="2021-03-26T02:17:28 IST">
          <reporter-output>
          </reporter-output>
        </test-method> <!-- tear -->
      </class> <!-- com.qa.shoClues.testcases.LoginTestCase -->
    </test> <!-- Default test -->
  </suite> <!-- Default suite -->
</testng-results>
